<?xml version="1.0" encoding="UTF-8"?>
<!-- Generated by org.testng.reporters.JUnitReportReporter -->
<testsuite hostname="Smeeti" failures="0" tests="5" name="com.iapp.Tests.LeaveApplicationPageTest" time="32.848" errors="0" timestamp="2023-08-27T22:31:12 IST" skipped="0">
  <testcase classname="com.iapp.Tests.LeaveApplicationPageTest" name="VerifyUserIsNavigateToLeaveApllicationForm" time="18.809"/>
  <system-out/>
  <testcase classname="com.iapp.Tests.LeaveApplicationPageTest" name="VerifyUserIsAbleToSelectLocation" time="3.241"/>
  <system-out/>
  <testcase classname="com.iapp.Tests.LeaveApplicationPageTest" name="VerifyUserIsAbleToSelectEmployeeName" time="4.649"/>
  <system-out/>
  <testcase classname="com.iapp.Tests.LeaveApplicationPageTest" name="VerifyUserIsAbleToSelectLookup" time="2.690"/>
  <system-out/>
  <testcase classname="com.iapp.Tests.LeaveApplicationPageTest" name="VerifyUserIsAbleToSelect" time="3.459"/>
  <system-out/>
</testsuite> <!-- com.iapp.Tests.LeaveApplicationPageTest -->
