<?xml version="1.0" encoding="UTF-8"?>
<!-- Generated by org.testng.reporters.JUnitReportReporter -->
<testsuite hostname="Smeeti" failures="0" tests="7" name="com.iapp.Tests.LoginTest" time="19.515" errors="0" timestamp="2023-08-27T18:54:15 IST" skipped="0">
  <testcase classname="com.iapp.Tests.LoginTest" name="VerifyUserLoginSuccessfully" time="7.802"/>
  <system-out>
    <![CDATA[Step 6- Verify user is able to login sussfully]]>
  </system-out>
  <testcase classname="com.iapp.Tests.LoginTest" name="VerifyLogoIsDisplayed" time="0.089"/>
  <system-out>
    <![CDATA[Step 2- Verify logo is displayed on login page]]>
  </system-out>
  <testcase classname="com.iapp.Tests.LoginTest" name="VerifyAcessControlLogoIsDisplayed" time="0.056"/>
  <system-out>
    <![CDATA[Step 3- Verify AcessControl module logo]]>
  </system-out>
  <testcase classname="com.iapp.Tests.LoginTest" name="VerifyErrorMessageforNoDataProvided" time="9.163"/>
  <system-out>
    <![CDATA[Step 4- verify error message is shown for no data provided when click on login]]>
  </system-out>
  <testcase classname="com.iapp.Tests.LoginTest" name="VerifyCheckBoxIsByDefaultNotSelected" time="0.017"/>
  <system-out>
    <![CDATA[Step 7- verify chechbox is bydefault select or not]]>
  </system-out>
  <testcase classname="com.iapp.Tests.LoginTest" name="verifyCheckBoxIsSelected" time="0.093"/>
  <system-out>
    <![CDATA[Step 8- verify checkbox is able to select]]>
  </system-out>
  <testcase classname="com.iapp.Tests.LoginTest" name="VerifyErrorMessageAfterEnterInvalidCredential" time="2.295"/>
  <system-out>
    <![CDATA[Step 5-Verify error massage is shown when click on login button by providing invalid credantial. ]]>
  </system-out>
</testsuite> <!-- com.iapp.Tests.LoginTest -->
