<?xml version="1.0" encoding="UTF-8"?>
<!-- Generated by org.testng.reporters.JUnitReportReporter -->
<testsuite hostname="Smeeti" failures="0" tests="3" name="com.iapp.Tests.HomePageTest" time="11.874" errors="0" timestamp="2023-08-27T18:56:23 IST" skipped="0">
  <testcase classname="com.iapp.Tests.HomePageTest" name="verifyclickOnAttendanceManagement" time="7.171"/>
  <system-out/>
  <testcase classname="com.iapp.Tests.HomePageTest" name="verifyClickOnLeaveOptionSelect" time="4.651"/>
  <system-out/>
  <testcase classname="com.iapp.Tests.HomePageTest" name="VerifyUseIsNavigateToLeaveApplicationPage" time="0.052"/>
  <system-out/>
</testsuite> <!-- com.iapp.Tests.HomePageTest -->
